# JRE version: Java(TM) SE Runtime Environment (8.0_91-b14) (build 1.8.0_91-b14)
# Java VM: Java HotSpot(TM) 64-Bit Server VM (25.91-b14 mixed mode windows-amd64 compressed oops)
Heap:
 PSYoungGen      total 132096K, used 47125K [0x000000076ac00000, 0x0000000776580000, 0x00000007c0000000)
  eden space 131584K, 35% used [0x000000076ac00000,0x000000076d9ad440,0x0000000772c80000)
  from space 512K, 68% used [0x0000000776480000,0x00000007764d8000,0x0000000776500000)
  to   space 512K, 0% used [0x0000000776500000,0x0000000776500000,0x0000000776580000)
 ParOldGen       total 64000K, used 29644K [0x00000006c0400000, 0x00000006c4280000, 0x000000076ac00000)
  object space 64000K, 46% used [0x00000006c0400000,0x00000006c20f3330,0x00000006c4280000)
 Metaspace       used 22593K, capacity 23186K, committed 23424K, reserved 1069056K
  class space    used 2725K, capacity 2866K, committed 2944K, reserved 1048576K
GC Heap History (10 events):
Event: 5840.450 GC heap before
{Heap before GC invocations=19964 (full 23):
 PSYoungGen      total 81408K, used 81216K [0x000000076ac00000, 0x0000000776580000, 0x00000007c0000000)
  eden space 80896K, 100% used [0x000000076ac00000,0x000000076fb00000,0x000000076fb00000)
  from space 512K, 62% used [0x0000000776500000,0x0000000776550000,0x0000000776580000)
  to   space 512K, 0% used [0x0000000776480000,0x0000000776480000,0x0000000776500000)
 ParOldGen       total 64000K, used 29228K [0x00000006c0400000, 0x00000006c4280000, 0x000000076ac00000)
  object space 64000K, 45% used [0x00000006c0400000,0x00000006c208b330,0x00000006c4280000)
 Metaspace       used 22593K, capacity 23186K, committed 23424K, reserved 1069056K
  class space    used 2725K, capacity 2866K, committed 2944K, reserved 1048576K
Event: 5840.451 GC heap after
Heap after GC invocations=19964 (full 23):
 PSYoungGen      total 97792K, used 288K [0x000000076ac00000, 0x0000000776580000, 0x00000007c0000000)
  eden space 97280K, 0% used [0x000000076ac00000,0x000000076ac00000,0x0000000770b00000)
  from space 512K, 56% used [0x0000000776480000,0x00000007764c8000,0x0000000776500000)
  to   space 512K, 0% used [0x0000000776500000,0x0000000776500000,0x0000000776580000)
 ParOldGen       total 64000K, used 29364K [0x00000006c0400000, 0x00000006c4280000, 0x000000076ac00000)
  object space 64000K, 45% used [0x00000006c0400000,0x00000006c20ad330,0x00000006c4280000)
 Metaspace       used 22593K, capacity 23186K, committed 23424K, reserved 1069056K
  class space    used 2725K, capacity 2866K, committed 2944K, reserved 1048576K
}
Event: 5840.699 GC heap before
{Heap before GC invocations=19965 (full 23):
 PSYoungGen      total 97792K, used 97568K [0x000000076ac00000, 0x0000000776580000, 0x00000007c0000000)
  eden space 97280K, 100% used [0x000000076ac00000,0x0000000770b00000,0x0000000770b00000)
  from space 512K, 56% used [0x0000000776480000,0x00000007764c8000,0x0000000776500000)
  to   space 512K, 0% used [0x0000000776500000,0x0000000776500000,0x0000000776580000)
 ParOldGen       total 64000K, used 29364K [0x00000006c0400000, 0x00000006c4280000, 0x000000076ac00000)
  object space 64000K, 45% used [0x00000006c0400000,0x00000006c20ad330,0x00000006c4280000)
 Metaspace       used 22593K, capacity 23186K, committed 23424K, reserved 1069056K
  class space    used 2725K, capacity 2866K, committed 2944K, reserved 1048576K
Event: 5840.700 GC heap after
Heap after GC invocations=19965 (full 23):
 PSYoungGen      total 117248K, used 160K [0x000000076ac00000, 0x0000000776580000, 0x00000007c0000000)
  eden space 116736K, 0% used [0x000000076ac00000,0x000000076ac00000,0x0000000771e00000)
  from space 512K, 31% used [0x0000000776500000,0x0000000776528000,0x0000000776580000)
  to   space 512K, 0% used [0x0000000776480000,0x0000000776480000,0x0000000776500000)
 ParOldGen       total 64000K, used 29516K [0x00000006c0400000, 0x00000006c4280000, 0x000000076ac00000)
  object space 64000K, 46% used [0x00000006c0400000,0x00000006c20d3330,0x00000006c4280000)
 Metaspace       used 22593K, capacity 23186K, committed 23424K, reserved 1069056K
  class space    used 2725K, capacity 2866K, committed 2944K, reserved 1048576K
}
Event: 5840.983 GC heap before
{Heap before GC invocations=19966 (full 23):
 PSYoungGen      total 117248K, used 116896K [0x000000076ac00000, 0x0000000776580000, 0x00000007c0000000)
  eden space 116736K, 100% used [0x000000076ac00000,0x0000000771e00000,0x0000000771e00000)
  from space 512K, 31% used [0x0000000776500000,0x0000000776528000,0x0000000776580000)
  to   space 512K, 0% used [0x0000000776480000,0x0000000776480000,0x0000000776500000)
 ParOldGen       total 64000K, used 29516K [0x00000006c0400000, 0x00000006c4280000, 0x000000076ac00000)
  object space 64000K, 46% used [0x00000006c0400000,0x00000006c20d3330,0x00000006c4280000)
 Metaspace       used 22593K, capacity 23186K, committed 23424K, reserved 1069056K
  class space    used 2725K, capacity 2866K, committed 2944K, reserved 1048576K
Event: 5840.985 GC heap after
Heap after GC invocations=19966 (full 23):
 PSYoungGen      total 113664K, used 320K [0x000000076ac00000, 0x0000000776580000, 0x00000007c0000000)
  eden space 113152K, 0% used [0x000000076ac00000,0x000000076ac00000,0x0000000771a80000)
  from space 512K, 62% used [0x0000000776480000,0x00000007764d0000,0x0000000776500000)
  to   space 512K, 0% used [0x0000000776500000,0x0000000776500000,0x0000000776580000)
 ParOldGen       total 64000K, used 29532K [0x00000006c0400000, 0x00000006c4280000, 0x000000076ac00000)
  object space 64000K, 46% used [0x00000006c0400000,0x00000006c20d7330,0x00000006c4280000)
 Metaspace       used 22593K, capacity 23186K, committed 23424K, reserved 1069056K
  class space    used 2725K, capacity 2866K, committed 2944K, reserved 1048576K
}
Event: 5841.230 GC heap before
{Heap before GC invocations=19967 (full 23):
 PSYoungGen      total 113664K, used 113472K [0x000000076ac00000, 0x0000000776580000, 0x00000007c0000000)
  eden space 113152K, 100% used [0x000000076ac00000,0x0000000771a80000,0x0000000771a80000)
  from space 512K, 62% used [0x0000000776480000,0x00000007764d0000,0x0000000776500000)
  to   space 512K, 0% used [0x0000000776500000,0x0000000776500000,0x0000000776580000)
 ParOldGen       total 64000K, used 29532K [0x00000006c0400000, 0x00000006c4280000, 0x000000076ac00000)
  object space 64000K, 46% used [0x00000006c0400000,0x00000006c20d7330,0x00000006c4280000)
 Metaspace       used 22593K, capacity 23186K, committed 23424K, reserved 1069056K
  class space    used 2725K, capacity 2866K, committed 2944K, reserved 1048576K
Event: 5841.233 GC heap after
Heap after GC invocations=19967 (full 23):
 PSYoungGen      total 136704K, used 224K [0x000000076ac00000, 0x0000000776580000, 0x00000007c0000000)
  eden space 136192K, 0% used [0x000000076ac00000,0x000000076ac00000,0x0000000773100000)
  from space 512K, 43% used [0x0000000776500000,0x0000000776538000,0x0000000776580000)
  to   space 512K, 0% used [0x0000000776480000,0x0000000776480000,0x0000000776500000)
 ParOldGen       total 64000K, used 29612K [0x00000006c0400000, 0x00000006c4280000, 0x000000076ac00000)
  object space 64000K, 46% used [0x00000006c0400000,0x00000006c20eb330,0x00000006c4280000)
 Metaspace       used 22593K, capacity 23186K, committed 23424K, reserved 1069056K
  class space    used 2725K, capacity 2866K, committed 2944K, reserved 1048576K
}
Event: 5841.623 GC heap before
{Heap before GC invocations=19968 (full 23):
 PSYoungGen      total 136704K, used 136416K [0x000000076ac00000, 0x0000000776580000, 0x00000007c0000000)
  eden space 136192K, 100% used [0x000000076ac00000,0x0000000773100000,0x0000000773100000)
  from space 512K, 43% used [0x0000000776500000,0x0000000776538000,0x0000000776580000)
  to   space 512K, 0% used [0x0000000776480000,0x0000000776480000,0x0000000776500000)
 ParOldGen       total 64000K, used 29612K [0x00000006c0400000, 0x00000006c4280000, 0x000000076ac00000)
  object space 64000K, 46% used [0x00000006c0400000,0x00000006c20eb330,0x00000006c4280000)
 Metaspace       used 22593K, capacity 23186K, committed 23424K, reserved 1069056K
  class space    used 2725K, capacity 2866K, committed 2944K, reserved 1048576K
Event: 5841.625 GC heap after
Heap after GC invocations=19968 (full 23):
 PSYoungGen      total 132096K, used 352K [0x000000076ac00000, 0x0000000776580000, 0x00000007c0000000)
  eden space 131584K, 0% used [0x000000076ac00000,0x000000076ac00000,0x0000000772c80000)
  from space 512K, 68% used [0x0000000776480000,0x00000007764d8000,0x0000000776500000)
  to   space 512K, 0% used [0x0000000776500000,0x0000000776500000,0x0000000776580000)
 ParOldGen       total 64000K, used 29644K [0x00000006c0400000, 0x00000006c4280000, 0x000000076ac00000)
  object space 64000K, 46% used [0x00000006c0400000,0x00000006c20f3330,0x00000006c4280000)
 Metaspace       used 22593K, capacity 23186K, committed 23424K, reserved 1069056K
  class space    used 2725K, capacity 2866K, committed 2944K, reserved 1048576K
}

